{"name": "Поиск фильмов по названию из одного слова", "status": "broken", "statusDetails": {"message": "selenium.common.exceptions.WebDriverException: Message: unknown error: JavaScript code failed\nfrom unknown command: 'Runtime.evaluate' wasn't found\n  (Session info: chrome=143.0.7499.170)\nStacktrace:\nSymbols not available. Dumping unresolved backtrace:\n\t0x7ff6674f88e5\n\t0x7ff6674f8940\n\t0x7ff6672d165d\n\t0x7ff6672bdc23\n\t0x7ff6672bc3d4\n\t0x7ff6672bcbcf\n\t0x7ff6672e8937\n\t0x7ff6672dbe25\n\t0x7ff6672dbcca\n\t0x7ff6672acb0d\n\t0x7ff6672aadbb\n\t0x7ff6673931bf\n\t0x7ff667351fda\n\t0x7ff66737ac97\n\t0x7ff66731ac29\n\t0x7ff66731ba93\n\t0x7ff667810640\n\t0x7ff66780af80\n\t0x7ff6678296e6\n\t0x7ff667515de4\n\t0x7ff66751ed8c\n\t0x7ff667502004\n\t0x7ff6675021b5\n\t0x7ff6674e7ee2\n\t0x7fff3a8ee8d7\n\t0x7fff3be4c53c", "trace": "driver = <selenium.webdriver.chrome.webdriver.WebDriver (session=\"defb6a64192a117b1c0606d9ae9672d7\")>\n\n    @pytest.fixture\n    def main_page(driver):\n        driver.get(MAIN_URL)\n>       return MainPage(driver, MAIN_URL)\n\ntest\\test_ui.py:18: \n_ _ _ _ _ _ _ _ _ _ _ _ _ _ _ _ _ _ _ _ _ _ _ _ _ _ _ _ _ _ _ _ _ _ _ _ _ _ _ _ _ _ _ _ _ _ _\npage\\main_page.py:12: in __init__\n    self.driver.maximize_window()\n..\\..\\..\\AppData\\Local\\Python\\pythoncore-3.14-64\\Lib\\site-packages\\selenium\\webdriver\\remote\\webdriver.py:650: in maximize_window\n    self.execute(command, None)\n..\\..\\..\\AppData\\Local\\Python\\pythoncore-3.14-64\\Lib\\site-packages\\selenium\\webdriver\\remote\\webdriver.py:458: in execute\n    self.error_handler.check_response(response)\n_ _ _ _ _ _ _ _ _ _ _ _ _ _ _ _ _ _ _ _ _ _ _ _ _ _ _ _ _ _ _ _ _ _ _ _ _ _ _ _ _ _ _ _ _ _ _\n\nself = <selenium.webdriver.remote.errorhandler.ErrorHandler object at 0x000002650ABCF6F0>\nresponse = {'status': 500, 'value': '{\"value\":{\"error\":\"unknown error\",\"message\":\"unknown error: JavaScript code failed\\\\nfrom un...ff66751ed8c\\\\n\\\\t0x7ff667502004\\\\n\\\\t0x7ff6675021b5\\\\n\\\\t0x7ff6674e7ee2\\\\n\\\\t0x7fff3a8ee8d7\\\\n\\\\t0x7fff3be4c53c\\\\n\"}}'}\n\n    def check_response(self, response: dict[str, Any]) -> None:\n        \"\"\"Checks that a JSON response from the WebDriver does not have an\n        error.\n    \n        Args:\n            response: The JSON response from the WebDriver server as a dictionary\n                object.\n    \n        Raises:\n            WebDriverException: If the response contains an error message.\n        \"\"\"\n        status = response.get(\"status\", None)\n        if not status or status == ErrorCode.SUCCESS:\n            return\n        value = None\n        message = response.get(\"message\", \"\")\n        screen: str = response.get(\"screen\", \"\")\n        stacktrace = None\n        if isinstance(status, int):\n            value_json = response.get(\"value\", None)\n            if value_json and isinstance(value_json, str):\n                try:\n                    value = json.loads(value_json)\n                    if isinstance(value, dict):\n                        if len(value) == 1:\n                            value = value[\"value\"]\n                        status = value.get(\"error\", None)\n                        if not status:\n                            status = value.get(\"status\", ErrorCode.UNKNOWN_ERROR)\n                            message = value.get(\"value\") or value.get(\"message\")\n                            if not isinstance(message, str):\n                                value = message\n                                message = message.get(\"message\") if isinstance(message, dict) else None\n                        else:\n                            message = value.get(\"message\", None)\n                except ValueError:\n                    pass\n    \n        exception_class: type[WebDriverException]\n        e = ErrorCode()\n        error_codes = [item for item in dir(e) if not item.startswith(\"__\")]\n        for error_code in error_codes:\n            error_info = getattr(ErrorCode, error_code)\n            if isinstance(error_info, list) and status in error_info:\n                exception_class = getattr(ExceptionMapping, error_code, WebDriverException)\n                break\n        else:\n            exception_class = WebDriverException\n    \n        if not value:\n            value = response[\"value\"]\n        if isinstance(value, str):\n            raise exception_class(value)\n        if message == \"\" and \"message\" in value:\n            message = value[\"message\"]\n    \n        screen = None  # type: ignore[assignment]\n        if \"screen\" in value:\n            screen = value[\"screen\"]\n    \n        stacktrace = None\n        st_value = value.get(\"stackTrace\") or value.get(\"stacktrace\")\n        if st_value:\n            if isinstance(st_value, str):\n                stacktrace = st_value.split(\"\\n\")\n            else:\n                stacktrace = []\n                try:\n                    for frame in st_value:\n                        line = frame.get(\"lineNumber\", \"\")\n                        file = frame.get(\"fileName\", \"<anonymous>\")\n                        if line:\n                            file = f\"{file}:{line}\"\n                        meth = frame.get(\"methodName\", \"<anonymous>\")\n                        if \"className\" in frame:\n                            meth = f\"{frame['className']}.{meth}\"\n                        msg = \"    at %s (%s)\"\n                        msg = msg % (meth, file)\n                        stacktrace.append(msg)\n                except TypeError:\n                    pass\n        if exception_class == UnexpectedAlertPresentException:\n            alert_text = None\n            if \"data\" in value:\n                alert_text = value[\"data\"].get(\"text\")\n            elif \"alert\" in value:\n                alert_text = value[\"alert\"].get(\"text\")\n            raise exception_class(message, screen, stacktrace, alert_text)  # type: ignore[call-arg]  # mypy is not smart enough here\n>       raise exception_class(message, screen, stacktrace)\nE       selenium.common.exceptions.WebDriverException: Message: unknown error: JavaScript code failed\nE       from unknown command: 'Runtime.evaluate' wasn't found\nE         (Session info: chrome=143.0.7499.170)\nE       Stacktrace:\nE       Symbols not available. Dumping unresolved backtrace:\nE       \t0x7ff6674f88e5\nE       \t0x7ff6674f8940\nE       \t0x7ff6672d165d\nE       \t0x7ff6672bdc23\nE       \t0x7ff6672bc3d4\nE       \t0x7ff6672bcbcf\nE       \t0x7ff6672e8937\nE       \t0x7ff6672dbe25\nE       \t0x7ff6672dbcca\nE       \t0x7ff6672acb0d\nE       \t0x7ff6672aadbb\nE       \t0x7ff6673931bf\nE       \t0x7ff667351fda\nE       \t0x7ff66737ac97\nE       \t0x7ff66731ac29\nE       \t0x7ff66731ba93\nE       \t0x7ff667810640\nE       \t0x7ff66780af80\nE       \t0x7ff6678296e6\nE       \t0x7ff667515de4\nE       \t0x7ff66751ed8c\nE       \t0x7ff667502004\nE       \t0x7ff6675021b5\nE       \t0x7ff6674e7ee2\nE       \t0x7fff3a8ee8d7\nE       \t0x7fff3be4c53c\n\n..\\..\\..\\AppData\\Local\\Python\\pythoncore-3.14-64\\Lib\\site-packages\\selenium\\webdriver\\remote\\errorhandler.py:233: WebDriverException"}, "parameters": [{"name": "film_title", "value": "'Девчата'"}], "start": 1766768947881, "stop": 1766768947881, "uuid": "9b67652b-aa8e-44b5-9583-21d1f92094b5", "historyId": "df975ec81f9961f009d2f67938f1733d", "testCaseId": "c5f5703ba947381900b03afc434d4ae1", "fullName": "test.test_ui#test_search_movies_by_title", "labels": [{"name": "feature", "value": "Поиск"}, {"name": "story", "value": "UI"}, {"name": "parentSuite", "value": "test"}, {"name": "suite", "value": "test_ui"}, {"name": "host", "value": "Lenovo_Pro"}, {"name": "thread", "value": "5300-MainThread"}, {"name": "framework", "value": "pytest"}, {"name": "language", "value": "cpython3"}, {"name": "package", "value": "test.test_ui"}], "titlePath": ["test", "test_ui.py"]}