{"name": "test_empty_query", "status": "skipped", "statusDetails": {"message": "XFAIL\n\nAssertionError: assert 200 == 400\n +  where 200 = <Response [200]>.status_code", "trace": "client = <page.api_client.APIClient object at 0x000002650A86A3F0>\n\n    @pytest.mark.xfail\n    @pytest.mark.api\n    def test_empty_query(client):\n        response = client.search_movies(EMPTY_QUERY)\n>       assert response.status_code == 400\nE       assert 200 == 400\nE        +  where 200 = <Response [200]>.status_code\n\ntest\\test_api.py:37: AssertionError"}, "start": 1766768887958, "stop": 1766768888942, "uuid": "27f05c67-b58a-4645-aa6b-e6e5408cb567", "historyId": "5a8ea1dd16413bded934f9513c405597", "testCaseId": "5a8ea1dd16413bded934f9513c405597", "fullName": "test.test_api#test_empty_query", "labels": [{"name": "tag", "value": "api"}, {"name": "parentSuite", "value": "test"}, {"name": "suite", "value": "test_api"}, {"name": "host", "value": "Lenovo_Pro"}, {"name": "thread", "value": "5300-MainThread"}, {"name": "framework", "value": "pytest"}, {"name": "language", "value": "cpython3"}, {"name": "package", "value": "test.test_api"}], "titlePath": ["test", "test_api.py"]}