{"name": "test_special_chars_query", "status": "skipped", "statusDetails": {"message": "XFAIL\n\nAssertionError: assert 200 == 400\n +  where 200 = <Response [200]>.status_code", "trace": "client = <page.api_client.APIClient object at 0x000001A8351FD480>\n\n    @pytest.mark.xfail\n    @pytest.mark.api\n    def test_special_chars_query(client):\n        response = client.search_movies(SPECIAL_CHARS_QUERY)\n>       assert response.status_code == 400\nE       assert 200 == 400\nE        +  where 200 = <Response [200]>.status_code\n\ntest\\test_api.py:53: AssertionError"}, "start": 1766432301950, "stop": 1766432302736, "uuid": "f74ed550-58fe-43e2-9678-2d666a6398b5", "historyId": "ba9f70e8d6d48f8636d99977ff845cde", "testCaseId": "ba9f70e8d6d48f8636d99977ff845cde", "fullName": "test.test_api#test_special_chars_query", "labels": [{"name": "tag", "value": "api"}, {"name": "parentSuite", "value": "test"}, {"name": "suite", "value": "test_api"}, {"name": "host", "value": "Lenovo_Pro"}, {"name": "thread", "value": "17228-MainThread"}, {"name": "framework", "value": "pytest"}, {"name": "language", "value": "cpython3"}, {"name": "package", "value": "test.test_api"}], "titlePath": ["test", "test_api.py"]}